Arguments: 
  /usr/local/bin/node /usr/local/bin/yarn install

PATH: 
  /Users/jackcrane/.gem/ruby/2.6.3/bin:/usr/local/opt/ruby/bin:/usr/local/lib/ruby/gems/3.0.0/bin:/usr/local/sbin:/Users/jackcrane/opt/anaconda3/bin:/Users/jackcrane/opt/anaconda3/condabin:/usr/local/bin:/usr/bin:/bin:/usr/sbin:/sbin:/Users/jackcrane/Library/Python/2.7/bin:/Users/jackcrane/Downloads/chromedriver:/Users/jackcrane/Documents/programming/flutter/bin:/opt/X11/bin:/Library/Apple/usr/bin:/Applications/Wireshark.app/Contents/MacOS:/Users/jackcrane/Documents/programming/flutter/bin

Yarn version: 
  1.22.17

Node version: 
  16.13.1

Platform: 
  darwin x64

Trace: 
  Invariant Violation: expected hoisted manifest for "@dudigital/react-native-zoomable-view#react-native#@react-native-community/cli#react-native"
      at invariant (/usr/local/lib/node_modules/yarn/lib/cli.js:2314:15)
      at _loop2 (/usr/local/lib/node_modules/yarn/lib/cli.js:95100:9)
      at PackageHoister.init (/usr/local/lib/node_modules/yarn/lib/cli.js:95170:19)
      at PackageLinker.getFlatHoistedTree (/usr/local/lib/node_modules/yarn/lib/cli.js:48922:20)
      at PackageLinker.<anonymous> (/usr/local/lib/node_modules/yarn/lib/cli.js:48933:27)
      at Generator.next (<anonymous>)
      at step (/usr/local/lib/node_modules/yarn/lib/cli.js:310:30)
      at /usr/local/lib/node_modules/yarn/lib/cli.js:328:14
      at new Promise (<anonymous>)
      at new F (/usr/local/lib/node_modules/yarn/lib/cli.js:5301:28)

npm manifest: 
  {
    "main": "node_modules/expo/AppEntry.js",
    "scripts": {
      "start": "expo start",
      "android": "expo start --android",
      "ios": "expo start --ios",
      "web": "expo start --web",
      "eject": "expo eject",
      "preinstall": "npx npm-force-resolutions"
    },
    "dependencies": {
      "@dudigital/react-native-zoomable-view": "^1.1.3",
      "@miblanchard/react-native-slider": "^2.0.2",
      "@react-navigation/drawer": "^6.1.8",
      "@react-navigation/native": "^6.0.6",
      "@react-navigation/native-stack": "^6.2.5",
      "@sentry/react-native": "^3.2.10",
      "expo": "~43.0.2",
      "expo-application": "~4.0.0",
      "expo-constants": "~12.1.3",
      "expo-device": "~4.0.3",
      "expo-location": "~13.0.4",
      "expo-notifications": "~0.13.3",
      "expo-sensors": "~11.0.3",
      "expo-status-bar": "~1.1.0",
      "expo-updates": "~0.10.15",
      "fast-html-parser": "^1.0.1",
      "react": "17.0.1",
      "react-dom": "17.0.1",
      "react-native": "0.64.3",
      "react-native-auto-height-image": "^3.2.4",
      "react-native-custom-tabs": "^0.1.7",
      "react-native-fullwidth-image": "^0.1.3",
      "react-native-gesture-handler": "^1.10.3",
      "react-native-hero": "^0.3.1",
      "react-native-html-parser": "^0.1.0",
      "react-native-pinch-zoom-view": "^0.2.0",
      "react-native-reanimated": "^2.2.4",
      "react-native-safe-area-context": "3.3.2",
      "react-native-screens": "~3.8.0",
      "react-native-svg": "12.1.1",
      "react-native-vector-icons": "^9.0.0",
      "react-native-web": "0.17.1",
      "react-native-webview": "^11.15.0",
      "sentry-expo": "^4.0.5",
      "util": "^0.12.4"
    },
    "resolutions": {
      "promise": "^8.0.3",
      "expo/**/promise": "^8.0.3"
    },
    "devDependencies": {
      "@babel/core": "^7.12.9"
    },
    "private": true
  }

yarn manifest: 
  No manifest

Lockfile: 
  No lockfile
